
AVRASM ver. 2.1.30  C:\Users\RRS\Desktop\AMP2\Debug\List\IRIGARE.asm Mon May 19 18:33:14 2025

C:\Users\RRS\Desktop\AMP2\Debug\List\IRIGARE.asm(1421): warning: Register r4 already defined by the .DEF directive
C:\Users\RRS\Desktop\AMP2\Debug\List\IRIGARE.asm(1422): warning: Register r3 already defined by the .DEF directive
C:\Users\RRS\Desktop\AMP2\Debug\List\IRIGARE.asm(1423): warning: Register r6 already defined by the .DEF directive
C:\Users\RRS\Desktop\AMP2\Debug\List\IRIGARE.asm(1424): warning: Register r5 already defined by the .DEF directive
C:\Users\RRS\Desktop\AMP2\Debug\List\IRIGARE.asm(1425): warning: Register r8 already defined by the .DEF directive
C:\Users\RRS\Desktop\AMP2\Debug\List\IRIGARE.asm(1426): warning: Register r7 already defined by the .DEF directive
C:\Users\RRS\Desktop\AMP2\Debug\List\IRIGARE.asm(1427): warning: Register r10 already defined by the .DEF directive
C:\Users\RRS\Desktop\AMP2\Debug\List\IRIGARE.asm(1428): warning: Register r11 already defined by the .DEF directive
C:\Users\RRS\Desktop\AMP2\Debug\List\IRIGARE.asm(1429): warning: Register r12 already defined by the .DEF directive
                 
                 
                 ;CodeVisionAVR C Compiler V4.03 Evaluation
                 ;(C) Copyright 1998-2024 Pavel Haiduc, HP InfoTech S.R.L.
                 ;http://www.hpinfotech.ro
                 
                 ;Build configuration    : Debug
                 ;Chip type              : ATmega164
                 ;Program type           : Application
                 ;Clock frequency        : 10,000000 MHz
                 ;Memory model           : Small
                 ;Optimize for           : Size
                 ;(s)printf features     : int, width
                 ;(s)scanf features      : int, width
                 ;External RAM size      : 0
                 ;Data Stack size        : 256 byte(s)
                 ;Heap size              : 0 byte(s)
                 ;Promote 'char' to 'int': Yes
                 ;'char' is unsigned     : Yes
                 ;8 bit enums            : Yes
                 ;Global 'const' stored in FLASH: Yes
                 ;Enhanced function parameter passing: Mode 2
                 ;Enhanced core instructions: On
                 ;Automatic register allocation for global variables: On
                 ;Smart register allocation: On
                 
                 	#define _MODEL_SMALL_
                 
                 	#pragma AVRPART ADMIN PART_NAME ATmega164
                 	#pragma AVRPART MEMORY PROG_FLASH 16384
                 	#pragma AVRPART MEMORY EEPROM 512
                 	#pragma AVRPART MEMORY INT_SRAM SIZE 1024
                 	#pragma AVRPART MEMORY INT_SRAM START_ADDR 0x100
                 
                 	#define CALL_SUPPORTED 1
                 
                 	.LISTMAC
                 
                 	.EQU EERE=0x0
                 	.EQU EEWE=0x1
                 	.EQU EEMWE=0x2
                 	.EQU UDRE=0x5
                 	.EQU RXC=0x7
                 	.EQU EECR=0x1F
                 	.EQU EEDR=0x20
                 	.EQU EEARL=0x21
                 	.EQU EEARH=0x22
                 	.EQU SPSR=0x2D
                 	.EQU SPDR=0x2E
                 	.EQU SMCR=0x33
                 	.EQU MCUSR=0x34
                 	.EQU MCUCR=0x35
                 	.EQU WDTCSR=0x60
                 	.EQU UCSR0A=0xC0
                 	.EQU UDR0=0xC6
                 	.EQU SPMCSR=0x37
                 	.EQU SPL=0x3D
                 	.EQU SPH=0x3E
                 	.EQU SREG=0x3F
                 	.EQU GPIOR0=0x1E
                 
                 	.DEF R0X0=R0
                 	.DEF R0X1=R1
                 	.DEF R0X2=R2
                 	.DEF R0X3=R3
                 	.DEF R0X4=R4
                 	.DEF R0X5=R5
                 	.DEF R0X6=R6
                 	.DEF R0X7=R7
                 	.DEF R0X8=R8
                 	.DEF R0X9=R9
                 	.DEF R0XA=R10
                 	.DEF R0XB=R11
                 	.DEF R0XC=R12
                 	.DEF R0XD=R13
                 	.DEF R0XE=R14
                 	.DEF R0XF=R15
                 	.DEF R0X10=R16
                 	.DEF R0X11=R17
                 	.DEF R0X12=R18
                 	.DEF R0X13=R19
                 	.DEF R0X14=R20
                 	.DEF R0X15=R21
                 	.DEF R0X16=R22
                 	.DEF R0X17=R23
                 	.DEF R0X18=R24
                 	.DEF R0X19=R25
                 	.DEF R0X1A=R26
                 	.DEF R0X1B=R27
                 	.DEF R0X1C=R28
                 	.DEF R0X1D=R29
                 	.DEF R0X1E=R30
                 	.DEF R0X1F=R31
                 
                 	.EQU __SRAM_START=0x0100
                 	.EQU __SRAM_END=0x04FF
                 	.EQU __DSTACK_SIZE=0x0100
                 	.EQU __HEAP_SIZE=0x0000
                 	.EQU __CLEAR_SRAM_SIZE=__SRAM_END-__SRAM_START+1
                 
                 	.EQU __FLASH_PAGE_SIZE=0x40
                 	.EQU __EEPROM_PAGE_SIZE=0x04
                 
                 	.MACRO __CPD1N
                 	CPI  R30,LOW(@0)
                 	LDI  R26,HIGH(@0)
                 	CPC  R31,R26
                 	LDI  R26,BYTE3(@0)
                 	CPC  R22,R26
                 	LDI  R26,BYTE4(@0)
                 	CPC  R23,R26
                 	.ENDM
                 
                 	.MACRO __CPD2N
                 	CPI  R26,LOW(@0)
                 	LDI  R30,HIGH(@0)
                 	CPC  R27,R30
                 	LDI  R30,BYTE3(@0)
                 	CPC  R24,R30
                 	LDI  R30,BYTE4(@0)
                 	CPC  R25,R30
                 	.ENDM
                 
                 	.MACRO __CPWRR
                 	CP   R@0,R@2
                 	CPC  R@1,R@3
                 	.ENDM
                 
                 	.MACRO __CPWRN
                 	CPI  R@0,LOW(@2)
                 	LDI  R30,HIGH(@2)
                 	CPC  R@1,R30
                 	.ENDM
                 
                 	.MACRO __ADDB1MN
                 	SUBI R30,LOW(-@0-(@1))
                 	.ENDM
                 
                 	.MACRO __ADDB2MN
                 	SUBI R26,LOW(-@0-(@1))
                 	.ENDM
                 
                 	.MACRO __ADDW1MN
                 	SUBI R30,LOW(-@0-(@1))
                 	SBCI R31,HIGH(-@0-(@1))
                 	.ENDM
                 
                 	.MACRO __ADDW2MN
                 	SUBI R26,LOW(-@0-(@1))
                 	SBCI R27,HIGH(-@0-(@1))
                 	.ENDM
                 
                 	.MACRO __ADDW1FN
                 	SUBI R30,LOW(-2*@0-(@1))
                 	SBCI R31,HIGH(-2*@0-(@1))
                 	.ENDM
                 
                 	.MACRO __ADDD1FN
                 	SUBI R30,LOW(-2*@0-(@1))
                 	SBCI R31,HIGH(-2*@0-(@1))
                 	SBCI R22,BYTE3(-2*@0-(@1))
                 	.ENDM
                 
                 	.MACRO __ADDD1N
                 	SUBI R30,LOW(-@0)
                 	SBCI R31,HIGH(-@0)
                 	SBCI R22,BYTE3(-@0)
                 	SBCI R23,BYTE4(-@0)
                 	.ENDM
                 
                 	.MACRO __ADDD2N
                 	SUBI R26,LOW(-@0)
                 	SBCI R27,HIGH(-@0)
                 	SBCI R24,BYTE3(-@0)
                 	SBCI R25,BYTE4(-@0)
                 	.ENDM
                 
                 	.MACRO __SUBD1N
                 	SUBI R30,LOW(@0)
                 	SBCI R31,HIGH(@0)
                 	SBCI R22,BYTE3(@0)
                 	SBCI R23,BYTE4(@0)
                 	.ENDM
                 
                 	.MACRO __SUBD2N
                 	SUBI R26,LOW(@0)
                 	SBCI R27,HIGH(@0)
                 	SBCI R24,BYTE3(@0)
                 	SBCI R25,BYTE4(@0)
                 	.ENDM
                 
                 	.MACRO __ANDBMNN
                 	LDS  R30,@0+(@1)
                 	ANDI R30,LOW(@2)
                 	STS  @0+(@1),R30
                 	.ENDM
                 
                 	.MACRO __ANDWMNN
                 	LDS  R30,@0+(@1)
                 	ANDI R30,LOW(@2)
                 	STS  @0+(@1),R30
                 	LDS  R30,@0+(@1)+1
                 	ANDI R30,HIGH(@2)
                 	STS  @0+(@1)+1,R30
                 	.ENDM
                 
                 	.MACRO __ANDD1N
                 	ANDI R30,LOW(@0)
                 	ANDI R31,HIGH(@0)
                 	ANDI R22,BYTE3(@0)
                 	ANDI R23,BYTE4(@0)
                 	.ENDM
                 
                 	.MACRO __ANDD2N
                 	ANDI R26,LOW(@0)
                 	ANDI R27,HIGH(@0)
                 	ANDI R24,BYTE3(@0)
                 	ANDI R25,BYTE4(@0)
                 	.ENDM
                 
                 	.MACRO __ORBMNN
                 	LDS  R30,@0+(@1)
                 	ORI  R30,LOW(@2)
                 	STS  @0+(@1),R30
                 	.ENDM
                 
                 	.MACRO __ORWMNN
                 	LDS  R30,@0+(@1)
                 	ORI  R30,LOW(@2)
                 	STS  @0+(@1),R30
                 	LDS  R30,@0+(@1)+1
                 	ORI  R30,HIGH(@2)
                 	STS  @0+(@1)+1,R30
                 	.ENDM
                 
                 	.MACRO __ORD1N
                 	ORI  R30,LOW(@0)
                 	ORI  R31,HIGH(@0)
                 	ORI  R22,BYTE3(@0)
                 	ORI  R23,BYTE4(@0)
                 	.ENDM
                 
                 	.MACRO __ORD2N
                 	ORI  R26,LOW(@0)
                 	ORI  R27,HIGH(@0)
                 	ORI  R24,BYTE3(@0)
                 	ORI  R25,BYTE4(@0)
                 	.ENDM
                 
                 	.MACRO __DELAY_USB
                 	LDI  R24,LOW(@0)
                 __DELAY_USB_LOOP:
                 	DEC  R24
                 	BRNE __DELAY_USB_LOOP
                 	.ENDM
                 
                 	.MACRO __DELAY_USW
                 	LDI  R24,LOW(@0)
                 	LDI  R25,HIGH(@0)
                 __DELAY_USW_LOOP:
                 	SBIW R24,1
                 	BRNE __DELAY_USW_LOOP
                 	.ENDM
                 
                 	.MACRO __GETW1P
                 	LD   R30,X+
                 	LD   R31,X
                 	SBIW R26,1
                 	.ENDM
                 
                 	.MACRO __GETD1S
                 	LDD  R30,Y+@0
                 	LDD  R31,Y+@0+1
                 	LDD  R22,Y+@0+2
                 	LDD  R23,Y+@0+3
                 	.ENDM
                 
                 	.MACRO __GETD2S
                 	LDD  R26,Y+@0
                 	LDD  R27,Y+@0+1
                 	LDD  R24,Y+@0+2
                 	LDD  R25,Y+@0+3
                 	.ENDM
                 
                 	.MACRO __GETD1P_INC
                 	LD   R30,X+
                 	LD   R31,X+
                 	LD   R22,X+
                 	LD   R23,X+
                 	.ENDM
                 
                 	.MACRO __GETD1P_DEC
                 	LD   R23,-X
                 	LD   R22,-X
                 	LD   R31,-X
                 	LD   R30,-X
                 	.ENDM
                 
                 	.MACRO __PUTDP1
                 	ST   X+,R30
                 	ST   X+,R31
                 	ST   X+,R22
                 	ST   X,R23
                 	.ENDM
                 
                 	.MACRO __PUTDP1_DEC
                 	ST   -X,R23
                 	ST   -X,R22
                 	ST   -X,R31
                 	ST   -X,R30
                 	.ENDM
                 
                 	.MACRO __PUTD1S
                 	STD  Y+@0,R30
                 	STD  Y+@0+1,R31
                 	STD  Y+@0+2,R22
                 	STD  Y+@0+3,R23
                 	.ENDM
                 
                 	.MACRO __PUTD2S
                 	STD  Y+@0,R26
                 	STD  Y+@0+1,R27
                 	STD  Y+@0+2,R24
                 	STD  Y+@0+3,R25
                 	.ENDM
                 
                 	.MACRO __PUTDZ2
                 	STD  Z+@0,R26
                 	STD  Z+@0+1,R27
                 	STD  Z+@0+2,R24
                 	STD  Z+@0+3,R25
                 	.ENDM
                 
                 	.MACRO __CLRD1S
                 	STD  Y+@0,R30
                 	STD  Y+@0+1,R30
                 	STD  Y+@0+2,R30
                 	STD  Y+@0+3,R30
                 	.ENDM
                 
                 	.MACRO __CPD10
                 	SBIW R30,0
                 	SBCI R22,0
                 	SBCI R23,0
                 	.ENDM
                 
                 	.MACRO __CPD20
                 	SBIW R26,0
                 	SBCI R24,0
                 	SBCI R25,0
                 	.ENDM
                 
                 	.MACRO __ADDD12
                 	ADD  R30,R26
                 	ADC  R31,R27
                 	ADC  R22,R24
                 	ADC  R23,R25
                 	.ENDM
                 
                 	.MACRO __ADDD21
                 	ADD  R26,R30
                 	ADC  R27,R31
                 	ADC  R24,R22
                 	ADC  R25,R23
                 	.ENDM
                 
                 	.MACRO __SUBD12
                 	SUB  R30,R26
                 	SBC  R31,R27
                 	SBC  R22,R24
                 	SBC  R23,R25
                 	.ENDM
                 
                 	.MACRO __SUBD21
                 	SUB  R26,R30
                 	SBC  R27,R31
                 	SBC  R24,R22
                 	SBC  R25,R23
                 	.ENDM
                 
                 	.MACRO __ANDD12
                 	AND  R30,R26
                 	AND  R31,R27
                 	AND  R22,R24
                 	AND  R23,R25
                 	.ENDM
                 
                 	.MACRO __ORD12
                 	OR   R30,R26
                 	OR   R31,R27
                 	OR   R22,R24
                 	OR   R23,R25
                 	.ENDM
                 
                 	.MACRO __XORD12
                 	EOR  R30,R26
                 	EOR  R31,R27
                 	EOR  R22,R24
                 	EOR  R23,R25
                 	.ENDM
                 
                 	.MACRO __XORD21
                 	EOR  R26,R30
                 	EOR  R27,R31
                 	EOR  R24,R22
                 	EOR  R25,R23
                 	.ENDM
                 
                 	.MACRO __COMD1
                 	COM  R30
                 	COM  R31
                 	COM  R22
                 	COM  R23
                 	.ENDM
                 
                 	.MACRO __MULD2_2
                 	LSL  R26
                 	ROL  R27
                 	ROL  R24
                 	ROL  R25
                 	.ENDM
                 
                 	.MACRO __LSRD1
                 	LSR  R23
                 	ROR  R22
                 	ROR  R31
                 	ROR  R30
                 	.ENDM
                 
                 	.MACRO __LSLD1
                 	LSL  R30
                 	ROL  R31
                 	ROL  R22
                 	ROL  R23
                 	.ENDM
                 
                 	.MACRO __ASRB4
                 	ASR  R30
                 	ASR  R30
                 	ASR  R30
                 	ASR  R30
                 	.ENDM
                 
                 	.MACRO __ASRW8
                 	MOV  R30,R31
                 	CLR  R31
                 	SBRC R30,7
                 	SER  R31
                 	.ENDM
                 
                 	.MACRO __LSRD16
                 	MOV  R30,R22
                 	MOV  R31,R23
                 	LDI  R22,0
                 	LDI  R23,0
                 	.ENDM
                 
                 	.MACRO __LSLD16
                 	MOV  R22,R30
                 	MOV  R23,R31
                 	LDI  R30,0
                 	LDI  R31,0
                 	.ENDM
                 
                 	.MACRO __CWD1
                 	MOV  R22,R31
                 	ADD  R22,R22
                 	SBC  R22,R22
                 	MOV  R23,R22
                 	.ENDM
                 
                 	.MACRO __CWD2
                 	MOV  R24,R27
                 	ADD  R24,R24
                 	SBC  R24,R24
                 	MOV  R25,R24
                 	.ENDM
                 
                 	.MACRO __SETMSD1
                 	SER  R31
                 	SER  R22
                 	SER  R23
                 	.ENDM
                 
                 	.MACRO __ADDW1R15
                 	CLR  R0
                 	ADD  R30,R15
                 	ADC  R31,R0
                 	.ENDM
                 
                 	.MACRO __ADDW2R15
                 	CLR  R0
                 	ADD  R26,R15
                 	ADC  R27,R0
                 	.ENDM
                 
                 	.MACRO __EQB12
                 	CP   R30,R26
                 	LDI  R30,1
                 	BREQ PC+2
                 	CLR  R30
                 	.ENDM
                 
                 	.MACRO __NEB12
                 	CP   R30,R26
                 	LDI  R30,1
                 	BRNE PC+2
                 	CLR  R30
                 	.ENDM
                 
                 	.MACRO __LEB12
                 	CP   R30,R26
                 	LDI  R30,1
                 	BRGE PC+2
                 	CLR  R30
                 	.ENDM
                 
                 	.MACRO __GEB12
                 	CP   R26,R30
                 	LDI  R30,1
                 	BRGE PC+2
                 	CLR  R30
                 	.ENDM
                 
                 	.MACRO __LTB12
                 	CP   R26,R30
                 	LDI  R30,1
                 	BRLT PC+2
                 	CLR  R30
                 	.ENDM
                 
                 	.MACRO __GTB12
                 	CP   R30,R26
                 	LDI  R30,1
                 	BRLT PC+2
                 	CLR  R30
                 	.ENDM
                 
                 	.MACRO __LEB12U
                 	CP   R30,R26
                 	LDI  R30,1
                 	BRSH PC+2
                 	CLR  R30
                 	.ENDM
                 
                 	.MACRO __GEB12U
                 	CP   R26,R30
                 	LDI  R30,1
                 	BRSH PC+2
                 	CLR  R30
                 	.ENDM
                 
                 	.MACRO __LTB12U
                 	CP   R26,R30
                 	LDI  R30,1
                 	BRLO PC+2
                 	CLR  R30
                 	.ENDM
                 
                 	.MACRO __GTB12U
                 	CP   R30,R26
                 	LDI  R30,1
                 	BRLO PC+2
                 	CLR  R30
                 	.ENDM
                 
                 	.MACRO __CPW01
                 	CLR  R0
                 	CP   R0,R30
                 	CPC  R0,R31
                 	.ENDM
                 
                 	.MACRO __CPW02
                 	CLR  R0
                 	CP   R0,R26
                 	CPC  R0,R27
                 	.ENDM
                 
                 	.MACRO __CPD12
                 	CP   R30,R26
                 	CPC  R31,R27
                 	CPC  R22,R24
                 	CPC  R23,R25
                 	.ENDM
                 
                 	.MACRO __CPD21
                 	CP   R26,R30
                 	CPC  R27,R31
                 	CPC  R24,R22
                 	CPC  R25,R23
                 	.ENDM
                 
                 	.MACRO __BSTB1
                 	CLT
                 	TST  R30
                 	BREQ PC+2
                 	SET
                 	.ENDM
                 
                 	.MACRO __LNEGB1
                 	TST  R30
                 	LDI  R30,1
                 	BREQ PC+2
                 	CLR  R30
                 	.ENDM
                 
                 	.MACRO __LNEGW1
                 	OR   R30,R31
                 	LDI  R30,1
                 	BREQ PC+2
                 	LDI  R30,0
                 	.ENDM
                 
                 	.MACRO __POINTB1MN
                 	LDI  R30,LOW(@0+(@1))
                 	.ENDM
                 
                 	.MACRO __POINTW1MN
                 	LDI  R30,LOW(@0+(@1))
                 	LDI  R31,HIGH(@0+(@1))
                 	.ENDM
                 
                 	.MACRO __POINTD1M
                 	LDI  R30,LOW(@0)
                 	LDI  R31,HIGH(@0)
                 	LDI  R22,BYTE3(@0)
                 	LDI  R23,BYTE4(@0)
                 	.ENDM
                 
                 	.MACRO __POINTW1FN
                 	LDI  R30,LOW(2*@0+(@1))
                 	LDI  R31,HIGH(2*@0+(@1))
                 	.ENDM
                 
                 	.MACRO __POINTD1FN
                 	LDI  R30,LOW(2*@0+(@1))
                 	LDI  R31,HIGH(2*@0+(@1))
                 	LDI  R22,BYTE3(2*@0+(@1))
                 	LDI  R23,BYTE4(2*@0+(@1))
                 	.ENDM
                 
                 	.MACRO __POINTB2MN
                 	LDI  R26,LOW(@0+(@1))
                 	.ENDM
                 
                 	.MACRO __POINTW2MN
                 	LDI  R26,LOW(@0+(@1))
                 	LDI  R27,HIGH(@0+(@1))
                 	.ENDM
                 
                 	.MACRO __POINTD2M
                 	LDI  R26,LOW(@0)
                 	LDI  R27,HIGH(@0)
                 	LDI  R24,BYTE3(@0)
                 	LDI  R25,BYTE4(@0)
                 	.ENDM
                 
                 	.MACRO __POINTW2FN
                 	LDI  R26,LOW(2*@0+(@1))
                 	LDI  R27,HIGH(2*@0+(@1))
                 	.ENDM
                 
                 	.MACRO __POINTD2FN
                 	LDI  R26,LOW(2*@0+(@1))
                 	LDI  R27,HIGH(2*@0+(@1))
                 	LDI  R24,BYTE3(2*@0+(@1))
                 	LDI  R25,BYTE4(2*@0+(@1))
                 	.ENDM
                 
                 	.MACRO __POINTBRM
                 	LDI  R@0,LOW(@1)
                 	.ENDM
                 
                 	.MACRO __POINTWRM
                 	LDI  R@0,LOW(@2)
                 	LDI  R@1,HIGH(@2)
                 	.ENDM
                 
                 	.MACRO __POINTBRMN
                 	LDI  R@0,LOW(@1+(@2))
                 	.ENDM
                 
                 	.MACRO __POINTWRMN
                 	LDI  R@0,LOW(@2+(@3))
                 	LDI  R@1,HIGH(@2+(@3))
                 	.ENDM
                 
                 	.MACRO __POINTWRFN
                 	LDI  R@0,LOW(@2*2+(@3))
                 	LDI  R@1,HIGH(@2*2+(@3))
                 	.ENDM
                 
                 	.MACRO __GETD1N
                 	LDI  R30,LOW(@0)
                 	LDI  R31,HIGH(@0)
                 	LDI  R22,BYTE3(@0)
                 	LDI  R23,BYTE4(@0)
                 	.ENDM
                 
                 	.MACRO __GETD2N
                 	LDI  R26,LOW(@0)
                 	LDI  R27,HIGH(@0)
                 	LDI  R24,BYTE3(@0)
                 	LDI  R25,BYTE4(@0)
                 	.ENDM
                 
                 	.MACRO __GETB1MN
                 	LDS  R30,@0+(@1)
                 	.ENDM
                 
                 	.MACRO __GETB1HMN
                 	LDS  R31,@0+(@1)
                 	.ENDM
                 
                 	.MACRO __GETW1MN
                 	LDS  R30,@0+(@1)
                 	LDS  R31,@0+(@1)+1
                 	.ENDM
                 
                 	.MACRO __GETD1MN
                 	LDS  R30,@0+(@1)
                 	LDS  R31,@0+(@1)+1
                 	LDS  R22,@0+(@1)+2
                 	LDS  R23,@0+(@1)+3
                 	.ENDM
                 
                 	.MACRO __GETBRMN
                 	LDS  R@0,@1+(@2)
                 	.ENDM
                 
                 	.MACRO __GETWRMN
                 	LDS  R@0,@2+(@3)
                 	LDS  R@1,@2+(@3)+1
                 	.ENDM
                 
                 	.MACRO __GETWRZ
                 	LDD  R@0,Z+@2
                 	LDD  R@1,Z+@2+1
                 	.ENDM
                 
                 	.MACRO __GETD2Z
                 	LDD  R26,Z+@0
                 	LDD  R27,Z+@0+1
                 	LDD  R24,Z+@0+2
                 	LDD  R25,Z+@0+3
                 	.ENDM
                 
                 	.MACRO __GETB2MN
                 	LDS  R26,@0+(@1)
                 	.ENDM
                 
                 	.MACRO __GETW2MN
                 	LDS  R26,@0+(@1)
                 	LDS  R27,@0+(@1)+1
                 	.ENDM
                 
                 	.MACRO __GETD2MN
                 	LDS  R26,@0+(@1)
                 	LDS  R27,@0+(@1)+1
                 	LDS  R24,@0+(@1)+2
                 	LDS  R25,@0+(@1)+3
                 	.ENDM
                 
                 	.MACRO __PUTB1MN
                 	STS  @0+(@1),R30
                 	.ENDM
                 
                 	.MACRO __PUTW1MN
                 	STS  @0+(@1),R30
                 	STS  @0+(@1)+1,R31
                 	.ENDM
                 
                 	.MACRO __PUTD1MN
                 	STS  @0+(@1),R30
                 	STS  @0+(@1)+1,R31
                 	STS  @0+(@1)+2,R22
                 	STS  @0+(@1)+3,R23
                 	.ENDM
                 
                 	.MACRO __PUTB1EN
                 	LDI  R26,LOW(@0+(@1))
                 	LDI  R27,HIGH(@0+(@1))
                 	CALL __EEPROMWRB
                 	.ENDM
                 
                 	.MACRO __PUTW1EN
                 	LDI  R26,LOW(@0+(@1))
                 	LDI  R27,HIGH(@0+(@1))
                 	CALL __EEPROMWRW
                 	.ENDM
                 
                 	.MACRO __PUTD1EN
                 	LDI  R26,LOW(@0+(@1))
                 	LDI  R27,HIGH(@0+(@1))
                 	CALL __EEPROMWRD
                 	.ENDM
                 
                 	.MACRO __PUTBR0MN
                 	STS  @0+(@1),R0
                 	.ENDM
                 
                 	.MACRO __PUTBMRN
                 	STS  @0+(@1),R@2
                 	.ENDM
                 
                 	.MACRO __PUTWMRN
                 	STS  @0+(@1),R@2
                 	STS  @0+(@1)+1,R@3
                 	.ENDM
                 
                 	.MACRO __PUTBZR
                 	STD  Z+@1,R@0
                 	.ENDM
                 
                 	.MACRO __PUTWZR
                 	STD  Z+@2,R@0
                 	STD  Z+@2+1,R@1
                 	.ENDM
                 
                 	.MACRO __GETW1R
                 	MOV  R30,R@0
                 	MOV  R31,R@1
                 	.ENDM
                 
                 	.MACRO __GETW2R
                 	MOV  R26,R@0
                 	MOV  R27,R@1
                 	.ENDM
                 
                 	.MACRO __GETWRN
                 	LDI  R@0,LOW(@2)
                 	LDI  R@1,HIGH(@2)
                 	.ENDM
                 
                 	.MACRO __PUTW1R
                 	MOV  R@0,R30
                 	MOV  R@1,R31
                 	.ENDM
                 
                 	.MACRO __PUTW2R
                 	MOV  R@0,R26
                 	MOV  R@1,R27
                 	.ENDM
                 
                 	.MACRO __ADDWRN
                 	SUBI R@0,LOW(-@2)
                 	SBCI R@1,HIGH(-@2)
                 	.ENDM
                 
                 	.MACRO __ADDWRR
                 	ADD  R@0,R@2
                 	ADC  R@1,R@3
                 	.ENDM
                 
                 	.MACRO __SUBWRN
                 	SUBI R@0,LOW(@2)
                 	SBCI R@1,HIGH(@2)
                 	.ENDM
                 
                 	.MACRO __SUBWRR
                 	SUB  R@0,R@2
                 	SBC  R@1,R@3
                 	.ENDM
                 
                 	.MACRO __ANDWRN
                 	ANDI R@0,LOW(@2)
                 	ANDI R@1,HIGH(@2)
                 	.ENDM
                 
                 	.MACRO __ANDWRR
                 	AND  R@0,R@2
                 	AND  R@1,R@3
                 	.ENDM
                 
                 	.MACRO __ORWRN
                 	ORI  R@0,LOW(@2)
                 	ORI  R@1,HIGH(@2)
                 	.ENDM
                 
                 	.MACRO __ORWRR
                 	OR   R@0,R@2
                 	OR   R@1,R@3
                 	.ENDM
                 
                 	.MACRO __EORWRR
                 	EOR  R@0,R@2
                 	EOR  R@1,R@3
                 	.ENDM
                 
                 	.MACRO __GETWRS
                 	LDD  R@0,Y+@2
                 	LDD  R@1,Y+@2+1
                 	.ENDM
                 
                 	.MACRO __PUTBSR
                 	STD  Y+@1,R@0
                 	.ENDM
                 
                 	.MACRO __PUTWSR
                 	STD  Y+@2,R@0
                 	STD  Y+@2+1,R@1
                 	.ENDM
                 
                 	.MACRO __MOVEWRR
                 	MOV  R@0,R@2
                 	MOV  R@1,R@3
                 	.ENDM
                 
                 	.MACRO __INWR
                 	IN   R@0,@2
                 	IN   R@1,@2+1
                 	.ENDM
                 
                 	.MACRO __OUTWR
                 	OUT  @2+1,R@1
                 	OUT  @2,R@0
                 	.ENDM
                 
                 	.MACRO __CALL1MN
                 	LDS  R30,@0+(@1)
                 	LDS  R31,@0+(@1)+1
                 	ICALL
                 	.ENDM
                 
                 	.MACRO __CALL1FN
                 	LDI  R30,LOW(2*@0+(@1))
                 	LDI  R31,HIGH(2*@0+(@1))
                 	CALL __GETW1PF
                 	ICALL
                 	.ENDM
                 
                 	.MACRO __CALL2EN
                 	PUSH R26
                 	PUSH R27
                 	LDI  R26,LOW(@0+(@1))
                 	LDI  R27,HIGH(@0+(@1))
                 	CALL __EEPROMRDW
                 	POP  R27
                 	POP  R26
                 	ICALL
                 	.ENDM
                 
                 	.MACRO __CALL2EX
                 	SUBI R26,LOW(-@0)
                 	SBCI R27,HIGH(-@0)
                 	CALL __EEPROMRDD
                 	ICALL
                 	.ENDM
                 
                 	.MACRO __GETW1STACK
                 	IN   R30,SPL
                 	IN   R31,SPH
                 	ADIW R30,@0+1
                 	LD   R0,Z+
                 	LD   R31,Z
                 	MOV  R30,R0
                 	.ENDM
                 
                 	.MACRO __GETD1STACK
                 	IN   R30,SPL
                 	IN   R31,SPH
                 	ADIW R30,@0+1
                 	LD   R0,Z+
                 	LD   R1,Z+
                 	LD   R22,Z
                 	MOVW R30,R0
                 	.ENDM
                 
                 	.MACRO __NBST
                 	BST  R@0,@1
                 	IN   R30,SREG
                 	LDI  R31,0x40
                 	EOR  R30,R31
                 	OUT  SREG,R30
                 	.ENDM
                 
                 
                 	.MACRO __PUTB1SN
                 	LDD  R26,Y+@0
                 	LDD  R27,Y+@0+1
                 	SUBI R26,LOW(-@1)
                 	SBCI R27,HIGH(-@1)
                 	ST   X,R30
                 	.ENDM
                 
                 	.MACRO __PUTW1SN
                 	LDD  R26,Y+@0
                 	LDD  R27,Y+@0+1
                 	SUBI R26,LOW(-@1)
                 	SBCI R27,HIGH(-@1)
                 	ST   X+,R30
                 	ST   X,R31
                 	.ENDM
                 
                 	.MACRO __PUTD1SN
                 	LDD  R26,Y+@0
                 	LDD  R27,Y+@0+1
                 	SUBI R26,LOW(-@1)
                 	SBCI R27,HIGH(-@1)
                 	ST   X+,R30
                 	ST   X+,R31
                 	ST   X+,R22
                 	ST   X,R23
                 	.ENDM
                 
                 	.MACRO __PUTB1SNS
                 	LDD  R26,Y+@0
                 	LDD  R27,Y+@0+1
                 	ADIW R26,@1
                 	ST   X,R30
                 	.ENDM
                 
                 	.MACRO __PUTW1SNS
                 	LDD  R26,Y+@0
                 	LDD  R27,Y+@0+1
                 	ADIW R26,@1
                 	ST   X+,R30
                 	ST   X,R31
                 	.ENDM
                 
                 	.MACRO __PUTD1SNS
                 	LDD  R26,Y+@0
                 	LDD  R27,Y+@0+1
                 	ADIW R26,@1
                 	ST   X+,R30
                 	ST   X+,R31
                 	ST   X+,R22
                 	ST   X,R23
                 	.ENDM
                 
                 	.MACRO __PUTB1PMN
                 	LDS  R26,@0
                 	LDS  R27,@0+1
                 	SUBI R26,LOW(-@1)
                 	SBCI R27,HIGH(-@1)
                 	ST   X,R30
                 	.ENDM
                 
                 	.MACRO __PUTW1PMN
                 	LDS  R26,@0
                 	LDS  R27,@0+1
                 	SUBI R26,LOW(-@1)
                 	SBCI R27,HIGH(-@1)
                 	ST   X+,R30
                 	ST   X,R31
                 	.ENDM
                 
                 	.MACRO __PUTD1PMN
                 	LDS  R26,@0
                 	LDS  R27,@0+1
                 	SUBI R26,LOW(-@1)
                 	SBCI R27,HIGH(-@1)
                 	ST   X+,R30
                 	ST   X+,R31
                 	ST   X+,R22
                 	ST   X,R23
                 	.ENDM
                 
                 	.MACRO __PUTB1PMNS
                 	LDS  R26,@0
                 	LDS  R27,@0+1
                 	ADIW R26,@1
                 	ST   X,R30
                 	.ENDM
                 
                 	.MACRO __PUTW1PMNS
                 	LDS  R26,@0
                 	LDS  R27,@0+1
                 	ADIW R26,@1
                 	ST   X+,R30
                 	ST   X,R31
                 	.ENDM
                 
                 	.MACRO __PUTD1PMNS
                 	LDS  R26,@0
                 	LDS  R27,@0+1
                 	ADIW R26,@1
                 	ST   X+,R30
                 	ST   X+,R31
                 	ST   X+,R22
                 	ST   X,R23
                 	.ENDM
                 
                 	.MACRO __PUTB1RN
                 	MOVW R26,R@0
                 	SUBI R26,LOW(-@1)
                 	SBCI R27,HIGH(-@1)
                 	ST   X,R30
                 	.ENDM
                 
                 	.MACRO __PUTW1RN
                 	MOVW R26,R@0
                 	SUBI R26,LOW(-@1)
                 	SBCI R27,HIGH(-@1)
                 	ST   X+,R30
                 	ST   X,R31
                 	.ENDM
                 
                 	.MACRO __PUTD1RN
                 	MOVW R26,R@0
                 	SUBI R26,LOW(-@1)
                 	SBCI R27,HIGH(-@1)
                 	ST   X+,R30
                 	ST   X+,R31
                 	ST   X+,R22
                 	ST   X,R23
                 	.ENDM
                 
                 	.MACRO __PUTB1RNS
                 	MOVW R26,R@0
                 	ADIW R26,@1
                 	ST   X,R30
                 	.ENDM
                 
                 	.MACRO __PUTW1RNS
                 	MOVW R26,R@0
                 	ADIW R26,@1
                 	ST   X+,R30
                 	ST   X,R31
                 	.ENDM
                 
                 	.MACRO __PUTD1RNS
                 	MOVW R26,R@0
                 	ADIW R26,@1
                 	ST   X+,R30
                 	ST   X+,R31
                 	ST   X+,R22
                 	ST   X,R23
                 	.ENDM
                 
                 	.MACRO __PUTB1RON
                 	MOV  R26,R@0
                 	MOV  R27,R@1
                 	SUBI R26,LOW(-@2)
                 	SBCI R27,HIGH(-@2)
                 	ST   X,R30
                 	.ENDM
                 
                 	.MACRO __PUTW1RON
                 	MOV  R26,R@0
                 	MOV  R27,R@1
                 	SUBI R26,LOW(-@2)
                 	SBCI R27,HIGH(-@2)
                 	ST   X+,R30
                 	ST   X,R31
                 	.ENDM
                 
                 	.MACRO __PUTD1RON
                 	MOV  R26,R@0
                 	MOV  R27,R@1
                 	SUBI R26,LOW(-@2)
                 	SBCI R27,HIGH(-@2)
                 	ST   X+,R30
                 	ST   X+,R31
                 	ST   X+,R22
                 	ST   X,R23
                 	.ENDM
                 
                 	.MACRO __PUTB1RONS
                 	MOV  R26,R@0
                 	MOV  R27,R@1
                 	ADIW R26,@2
                 	ST   X,R30
                 	.ENDM
                 
                 	.MACRO __PUTW1RONS
                 	MOV  R26,R@0
                 	MOV  R27,R@1
                 	ADIW R26,@2
                 	ST   X+,R30
                 	ST   X,R31
                 	.ENDM
                 
                 	.MACRO __PUTD1RONS
                 	MOV  R26,R@0
                 	MOV  R27,R@1
                 	ADIW R26,@2
                 	ST   X+,R30
                 	ST   X+,R31
                 	ST   X+,R22
                 	ST   X,R23
                 	.ENDM
                 
                 
                 	.MACRO __GETB1SX
                 	MOVW R30,R28
                 	SUBI R30,LOW(-@0)
                 	SBCI R31,HIGH(-@0)
                 	LD   R30,Z
                 	.ENDM
                 
                 	.MACRO __GETB1HSX
                 	MOVW R30,R28
                 	SUBI R30,LOW(-@0)
                 	SBCI R31,HIGH(-@0)
                 	LD   R31,Z
                 	.ENDM
                 
                 	.MACRO __GETW1SX
                 	MOVW R30,R28
                 	SUBI R30,LOW(-@0)
                 	SBCI R31,HIGH(-@0)
                 	CALL __GETW1Z
                 	.ENDM
                 
                 	.MACRO __GETD1SX
                 	MOVW R30,R28
                 	SUBI R30,LOW(-@0)
                 	SBCI R31,HIGH(-@0)
                 	CALL __GETD1Z
                 	.ENDM
                 
                 	.MACRO __GETB2SX
                 	MOVW R26,R28
                 	SUBI R26,LOW(-@0)
                 	SBCI R27,HIGH(-@0)
                 	LD   R26,X
                 	.ENDM
                 
                 	.MACRO __GETW2SX
                 	MOVW R26,R28
                 	SUBI R26,LOW(-@0)
                 	SBCI R27,HIGH(-@0)
                 	CALL __GETW2X
                 	.ENDM
                 
                 	.MACRO __GETD2SX
                 	MOVW R26,R28
                 	SUBI R26,LOW(-@0)
                 	SBCI R27,HIGH(-@0)
                 	CALL __GETD2X
                 	.ENDM
                 
                 	.MACRO __GETBRSX
                 	MOVW R30,R28
                 	SUBI R30,LOW(-@1)
                 	SBCI R31,HIGH(-@1)
                 	LD   R@0,Z
                 	.ENDM
                 
                 	.MACRO __GETWRSX
                 	MOVW R30,R28
                 	SUBI R30,LOW(-@2)
                 	SBCI R31,HIGH(-@2)
                 	LD   R@0,Z+
                 	LD   R@1,Z
                 	.ENDM
                 
                 	.MACRO __GETBRSX2
                 	MOVW R26,R28
                 	SUBI R26,LOW(-@1)
                 	SBCI R27,HIGH(-@1)
                 	LD   R@0,X
                 	.ENDM
                 
                 	.MACRO __GETWRSX2
                 	MOVW R26,R28
                 	SUBI R26,LOW(-@2)
                 	SBCI R27,HIGH(-@2)
                 	LD   R@0,X+
                 	LD   R@1,X
                 	.ENDM
                 
                 	.MACRO __LSLW8SX
                 	MOVW R30,R28
                 	SUBI R30,LOW(-@0)
                 	SBCI R31,HIGH(-@0)
                 	LD   R31,Z
                 	CLR  R30
                 	.ENDM
                 
                 	.MACRO __PUTB1SX
                 	MOVW R26,R28
                 	SUBI R26,LOW(-@0)
                 	SBCI R27,HIGH(-@0)
                 	ST   X,R30
                 	.ENDM
                 
                 	.MACRO __PUTW1SX
                 	MOVW R26,R28
                 	SUBI R26,LOW(-@0)
                 	SBCI R27,HIGH(-@0)
                 	ST   X+,R30
                 	ST   X,R31
                 	.ENDM
                 
                 	.MACRO __PUTD1SX
                 	MOVW R26,R28
                 	SUBI R26,LOW(-@0)
                 	SBCI R27,HIGH(-@0)
                 	ST   X+,R30
                 	ST   X+,R31
                 	ST   X+,R22
                 	ST   X,R23
                 	.ENDM
                 
                 	.MACRO __CLRW1SX
                 	MOVW R26,R28
                 	SUBI R26,LOW(-@0)
                 	SBCI R27,HIGH(-@0)
                 	ST   X+,R30
                 	ST   X,R30
                 	.ENDM
                 
                 	.MACRO __CLRD1SX
                 	MOVW R26,R28
                 	SUBI R26,LOW(-@0)
                 	SBCI R27,HIGH(-@0)
                 	ST   X+,R30
                 	ST   X+,R30
                 	ST   X+,R30
                 	ST   X,R30
                 	.ENDM
                 
                 	.MACRO __PUTB2SX
                 	MOVW R30,R28
                 	SUBI R30,LOW(-@0)
                 	SBCI R31,HIGH(-@0)
                 	ST   Z,R26
                 	.ENDM
                 
                 	.MACRO __PUTW2SX
                 	MOVW R30,R28
                 	SUBI R30,LOW(-@0)
                 	SBCI R31,HIGH(-@0)
                 	ST   Z+,R26
                 	ST   Z,R27
                 	.ENDM
                 
                 	.MACRO __PUTD2SX
                 	MOVW R30,R28
                 	SUBI R30,LOW(-@0)
                 	SBCI R31,HIGH(-@0)
                 	ST   Z+,R26
                 	ST   Z+,R27
                 	ST   Z+,R24
                 	ST   Z,R25
                 	.ENDM
                 
                 	.MACRO __PUTBSRX
                 	MOVW R30,R28
                 	SUBI R30,LOW(-@1)
                 	SBCI R31,HIGH(-@1)
                 	ST   Z,R@0
                 	.ENDM
                 
                 	.MACRO __PUTWSRX
                 	MOVW R30,R28
                 	SUBI R30,LOW(-@2)
                 	SBCI R31,HIGH(-@2)
                 	ST   Z+,R@0
                 	ST   Z,R@1
                 	.ENDM
                 
                 	.MACRO __PUTB1SNX
                 	MOVW R26,R28
                 	SUBI R26,LOW(-@0)
                 	SBCI R27,HIGH(-@0)
                 	LD   R0,X+
                 	LD   R27,X
                 	MOV  R26,R0
                 	SUBI R26,LOW(-@1)
                 	SBCI R27,HIGH(-@1)
                 	ST   X,R30
                 	.ENDM
                 
                 	.MACRO __PUTW1SNX
                 	MOVW R26,R28
                 	SUBI R26,LOW(-@0)
                 	SBCI R27,HIGH(-@0)
                 	LD   R0,X+
                 	LD   R27,X
                 	MOV  R26,R0
                 	SUBI R26,LOW(-@1)
                 	SBCI R27,HIGH(-@1)
                 	ST   X+,R30
                 	ST   X,R31
                 	.ENDM
                 
                 	.MACRO __PUTD1SNX
                 	MOVW R26,R28
                 	SUBI R26,LOW(-@0)
                 	SBCI R27,HIGH(-@0)
                 	LD   R0,X+
                 	LD   R27,X
                 	MOV  R26,R0
                 	SUBI R26,LOW(-@1)
                 	SBCI R27,HIGH(-@1)
                 	ST   X+,R30
                 	ST   X+,R31
                 	ST   X+,R22
                 	ST   X,R23
                 	.ENDM
                 
                 	.MACRO __MULBRR
                 	MULS R@0,R@1
                 	MOVW R30,R0
                 	.ENDM
                 
                 	.MACRO __MULBRRU
                 	MUL  R@0,R@1
                 	MOVW R30,R0
                 	.ENDM
                 
                 	.MACRO __MULBRR0
                 	MULS R@0,R@1
                 	.ENDM
                 
                 	.MACRO __MULBRRU0
                 	MUL  R@0,R@1
                 	.ENDM
                 
                 	.MACRO __MULBNWRU
                 	LDI  R26,@2
                 	MUL  R26,R@0
                 	MOVW R30,R0
                 	MUL  R26,R@1
                 	ADD  R31,R0
                 	.ENDM
                 
                 ;NAME DEFINITIONS FOR GLOBAL VARIABLES ALLOCATED TO REGISTERS
                 	.DEF _err=R4
                 	.DEF _umd=R3
                 	.DEF _templ=R6
                 	.DEF _S=R5
                 	.DEF _Q=R8
                 	.DEF _in=R7
                 	.DEF _out=R10
                 	.DEF _timp=R11
                 	.DEF _timp_msb=R12
                 
                 ;GPIOR0 INITIALIZATION VALUE
                 	.EQU __GPIOR0_INIT=0x00
                 
                 	.CSEG
                 	.ORG 0x00
                 
                 ;START OF CODE MARKER
                 __START_OF_CODE:
                 
                 ;INTERRUPT VECTORS
000000 940c 009c 	JMP  __RESET
000002 940c 0000 	JMP  0x00
000004 940c 0000 	JMP  0x00
000006 940c 0000 	JMP  0x00
000008 940c 0000 	JMP  0x00
00000a 940c 0000 	JMP  0x00
00000c 940c 0000 	JMP  0x00
00000e 940c 0000 	JMP  0x00
000010 940c 0000 	JMP  0x00
000012 940c 0000 	JMP  0x00
000014 940c 0000 	JMP  0x00
000016 940c 0000 	JMP  0x00
000018 940c 0000 	JMP  0x00
00001a 940c 0000 	JMP  0x00
00001c 940c 0000 	JMP  0x00
00001e 940c 0000 	JMP  0x00
000020 940c 0000 	JMP  0x00
000022 940c 0000 	JMP  0x00
000024 940c 0112 	JMP  _timer0_ovf_isr
000026 940c 0000 	JMP  0x00
000028 940c 0000 	JMP  0x00
00002a 940c 0000 	JMP  0x00
00002c 940c 0000 	JMP  0x00
00002e 940c 0000 	JMP  0x00
000030 940c 0000 	JMP  0x00
000032 940c 0000 	JMP  0x00
000034 940c 0000 	JMP  0x00
000036 940c 0000 	JMP  0x00
000038 940c 0000 	JMP  0x00
00003a 940c 0000 	JMP  0x00
00003c 940c 0000 	JMP  0x00
                 
                 ;GLOBAL REGISTER VARIABLES INITIALIZATION
                 __REG_VARS:
00003e 0000      	.DB  0x0,0x0
                 
                 _0x3:
00003f 060f
000040 0005
C:\Users\RRS\Desktop\AMP2\Debug\List\IRIGARE.asm(1478): warning: .cseg .db misalignment - padding zero byte
000041 0003      	.DB  0xF,0x6,0x5,0x0,0x3
                 _0x4:
000042 0100
C:\Users\RRS\Desktop\AMP2\Debug\List\IRIGARE.asm(1480): warning: .cseg .db misalignment - padding zero byte
000043 0010      	.DB  0x0,0x1,0x10
                 _0x5:
000044 0280
000045 0110      	.DB  0x80,0x2,0x10,0x1
                 _0x6:
000046 0300
000047 0210      	.DB  0x0,0x3,0x10,0x2
                 _0x7:
000048 0480
000049 0310      	.DB  0x80,0x4,0x10,0x3
                 _0x8:
00004a 0500
00004b 0410      	.DB  0x0,0x5,0x10,0x4
                 _0x9:
00004c 0080
00004d 0510      	.DB  0x80,0x0,0x10,0x5
                 _0xA:
00004e 0102
00004f 0001
000050 0200      	.DB  0x2,0x1,0x1,0x0,0x0,0x2
                 _0xB:
000051 0100
C:\Users\RRS\Desktop\AMP2\Debug\List\IRIGARE.asm(1494): warning: .cseg .db misalignment - padding zero byte
000052 0010      	.DB  0x0,0x1,0x10
                 _0xC:
000053 0280
000054 0110      	.DB  0x80,0x2,0x10,0x1
                 _0xD:
000055 0300
000056 0210      	.DB  0x0,0x3,0x10,0x2
                 _0xE:
000057 0480
000058 0310      	.DB  0x80,0x4,0x10,0x3
                 _0xF:
000059 0500
00005a 0410      	.DB  0x0,0x5,0x10,0x4
                 _0x10:
00005b 0680
00005c 0510      	.DB  0x80,0x6,0x10,0x5
                 _0x11:
00005d 0700
00005e 0610      	.DB  0x0,0x7,0x10,0x6
                 _0x12:
00005f 0080
000060 0710      	.DB  0x80,0x0,0x10,0x7
                 _0x13:
000061 0102
000062 0001
000063 0300
000064 0203      	.DB  0x2,0x1,0x1,0x0,0x0,0x3,0x3,0x2
                 
                 __GLOBAL_INI_TBL:
000065 0002      	.DW  0x02
000066 000b      	.DW  0x0B
000067 007c      	.DW  __REG_VARS*2
                 
000068 0005      	.DW  0x05
000069 0200      	.DW  _TAB
00006a 007e      	.DW  _0x3*2
                 
00006b 0003      	.DW  0x03
00006c 021c      	.DW  _A0
00006d 0084      	.DW  _0x4*2
                 
00006e 0004      	.DW  0x04
00006f 0220      	.DW  _A1
000070 0088      	.DW  _0x5*2
                 
000071 0004      	.DW  0x04
000072 0224      	.DW  _A2
000073 008c      	.DW  _0x6*2
                 
000074 0004      	.DW  0x04
000075 0228      	.DW  _A3
000076 0090      	.DW  _0x7*2
                 
000077 0004      	.DW  0x04
000078 022c      	.DW  _A4
000079 0094      	.DW  _0x8*2
                 
00007a 0004      	.DW  0x04
00007b 0230      	.DW  _A5
00007c 0098      	.DW  _0x9*2
                 
00007d 0006      	.DW  0x06
00007e 0234      	.DW  _Tout1
00007f 009c      	.DW  _0xA*2
                 
000080 0003      	.DW  0x03
000081 024a      	.DW  _B0
000082 00a2      	.DW  _0xB*2
                 
000083 0004      	.DW  0x04
000084 024e      	.DW  _B1
000085 00a6      	.DW  _0xC*2
                 
000086 0004      	.DW  0x04
000087 0252      	.DW  _B2
000088 00aa      	.DW  _0xD*2
                 
000089 0004      	.DW  0x04
00008a 0256      	.DW  _B3
00008b 00ae      	.DW  _0xE*2
                 
00008c 0004      	.DW  0x04
00008d 025a      	.DW  _B4
00008e 00b2      	.DW  _0xF*2
                 
00008f 0004      	.DW  0x04
000090 025e      	.DW  _B5
000091 00b6      	.DW  _0x10*2
                 
000092 0004      	.DW  0x04
000093 0262      	.DW  _B6
000094 00ba      	.DW  _0x11*2
                 
000095 0004      	.DW  0x04
000096 0266      	.DW  _B7
000097 00be      	.DW  _0x12*2
                 
000098 0008      	.DW  0x08
000099 026a      	.DW  _Tout2
00009a 00c2      	.DW  _0x13*2
                 
                 _0xFFFFFFFF:
00009b 0000      	.DW  0
                 
                 #define __GLOBAL_INI_TBL_PRESENT 1
                 
                 __RESET:
00009c 94f8      	CLI
                 
00009d 27ee      	CLR  R30
00009e bbef      	OUT  EECR,R30
                 
                 ;INTERRUPT VECTORS ARE PLACED
                 ;AT THE START OF FLASH
00009f e0f1      	LDI  R31,1
0000a0 bff5      	OUT  MCUCR,R31
0000a1 bfe5      	OUT  MCUCR,R30
                 
                 ;CLEAR R2-R14
0000a2 e08d      	LDI  R24,(14-2)+1
0000a3 e0a2      	LDI  R26,2
0000a4 27bb      	CLR  R27
                 __CLEAR_REG:
0000a5 93ed      	ST   X+,R30
0000a6 958a      	DEC  R24
0000a7 f7e9      	BRNE __CLEAR_REG
                 
                 ;CLEAR SRAM
0000a8 e080      	LDI  R24,LOW(__CLEAR_SRAM_SIZE)
0000a9 e094      	LDI  R25,HIGH(__CLEAR_SRAM_SIZE)
0000aa e0a0      	LDI  R26,LOW(__SRAM_START)
0000ab e0b1      	LDI  R27,HIGH(__SRAM_START)
                 __CLEAR_SRAM:
0000ac 93ed      	ST   X+,R30
0000ad 9701      	SBIW R24,1
0000ae f7e9      	BRNE __CLEAR_SRAM
                 
                 ;GLOBAL VARIABLES INITIALIZATION
0000af ecea      	LDI  R30,LOW(__GLOBAL_INI_TBL*2)
0000b0 e0f0      	LDI  R31,HIGH(__GLOBAL_INI_TBL*2)
                 __GLOBAL_INI_NEXT:
0000b1 9185      	LPM  R24,Z+
0000b2 9195      	LPM  R25,Z+
0000b3 9700      	SBIW R24,0
0000b4 f061      	BREQ __GLOBAL_INI_END
0000b5 91a5      	LPM  R26,Z+
0000b6 91b5      	LPM  R27,Z+
0000b7 9005      	LPM  R0,Z+
0000b8 9015      	LPM  R1,Z+
0000b9 01bf      	MOVW R22,R30
0000ba 01f0      	MOVW R30,R0
                 __GLOBAL_INI_LOOP:
0000bb 9005      	LPM  R0,Z+
0000bc 920d      	ST   X+,R0
0000bd 9701      	SBIW R24,1
0000be f7e1      	BRNE __GLOBAL_INI_LOOP
0000bf 01fb      	MOVW R30,R22
0000c0 cff0      	RJMP __GLOBAL_INI_NEXT
                 __GLOBAL_INI_END:
                 
                 ;GPIOR0 INITIALIZATION
0000c1 e0e0      	LDI  R30,__GPIOR0_INIT
0000c2 bbee      	OUT  GPIOR0,R30
                 
                 ;HARDWARE STACK POINTER INITIALIZATION
0000c3 efef      	LDI  R30,LOW(__SRAM_END-__HEAP_SIZE)
0000c4 bfed      	OUT  SPL,R30
0000c5 e0e4      	LDI  R30,HIGH(__SRAM_END-__HEAP_SIZE)
0000c6 bfee      	OUT  SPH,R30
                 
                 ;DATA STACK POINTER INITIALIZATION
0000c7 e0c0      	LDI  R28,LOW(__SRAM_START+__DSTACK_SIZE)
0000c8 e0d2      	LDI  R29,HIGH(__SRAM_START+__DSTACK_SIZE)
                 
0000c9 940c 01df 	JMP  _main
                 
                 	.ESEG
                 	.ORG 0x00
                 
                 	.DSEG
                 	.ORG 0x200
                 
                 	.CSEG
                 	#ifndef __SLEEP_DEFINED__
                 	#define __SLEEP_DEFINED__
                 	.EQU __se_bit=0x01
                 	.EQU __sm_mask=0x0E
                 	.EQU __sm_powerdown=0x04
                 	.EQU __sm_powersave=0x06
                 	.EQU __sm_standby=0x0C
                 	.EQU __sm_ext_standby=0x0E
                 	.EQU __sm_adc_noise_red=0x02
                 	.SET power_ctrl_reg=smcr
                 	#endif
                 
                 	.DSEG
                 ;void test_RST(void) {
                 ; 0000 002F void test_RST(void) {
                 
                 	.CSEG
                 _test_RST:
                 ; .FSTART _test_RST
                 ; 0000 0030 if ((in & 0x40) == 0)  //testam resetul RST
0000cb fc76      	SBRC R7,6
0000cc c004      	RJMP _0x14
                 ; 0000 0031 {
                 ; 0000 0032 out = out & 0x00;        // aprinde toate LED-urile
0000cd e0e0      	LDI  R30,LOW(0)
0000ce 22ae      	AND  R10,R30
                 ; 0000 0033 S = 11;
0000cf e0eb      	LDI  R30,LOW(11)
0000d0 2e5e      	MOV  R5,R30
                 ; 0000 0034 }
                 ; 0000 0035 }
                 _0x14:
0000d1 9508      	RET
                 ; .FEND
                 ;void clc(void)
                 ; 0000 0038 {
                 _clc:
                 ; .FSTART _clc
                 ; 0000 0039 char senzor = in & 0x0F;
                 ; 0000 003A err = TAB[senzor];  //EROARE BITII 0,1,2
0000d2 931a      	ST   -Y,R17
                 ;	senzor -> R17
0000d3 2de7      	MOV  R30,R7
0000d4 70ef      	ANDI R30,LOW(0xF)
0000d5 2f1e      	MOV  R17,R30
0000d6 e0f0      	LDI  R31,0
0000d7 50e0      	SUBI R30,LOW(-_TAB)
0000d8 4ffe      	SBCI R31,HIGH(-_TAB)
0000d9 8040      	LD   R4,Z
                 ; 0000 003B if (err != 0x07) S = 10; // stare eroare
0000da e0e7      	LDI  R30,LOW(7)
0000db 15e4      	CP   R30,R4
0000dc f011      	BREQ _0x15
0000dd e0ea      	LDI  R30,LOW(10)
0000de c002      	RJMP _0x45
                 ; 0000 003C else
                 _0x15:
                 ; 0000 003D {
                 ; 0000 003E out=(out | 0xFF) & 0X7F;//irigarea activa
0000df d158      	RCALL SUBOPT_0x0
                 ; 0000 003F S = 8;
0000e0 e0e8      	LDI  R30,LOW(8)
                 _0x45:
0000e1 2e5e      	MOV  R5,R30
                 ; 0000 0040 }
                 ; 0000 0041 }
0000e2 9119      	LD   R17,Y+
0000e3 9508      	RET
                 ; .FEND
                 ;void cls1(void) {
                 ; 0000 0043 void cls1(void) {
                 _cls1:
                 ; .FSTART _cls1
                 ; 0000 0044 char i;
                 ; 0000 0045 char *adr;
                 ; 0000 0046 char ready;
                 ; 0000 0047 adr = TABA1[Q];
0000e4 d171      	RCALL __SAVELOCR4
                 ;	i -> R17
                 ;	*adr -> R18,R19
                 ;	ready -> R16
0000e5 2de8      	MOV  R30,R8
0000e6 e1a0      	LDI  R26,LOW(_TABA1)
0000e7 e0b2      	LDI  R27,HIGH(_TABA1)
0000e8 d154      	RCALL SUBOPT_0x1
                 ; 0000 0048 i=0;
                 ; 0000 0049 ready=0;
                 ; 0000 004A while (!ready)
                 _0x17:
0000e9 3000      	CPI  R16,0
0000ea f471      	BRNE _0x19
                 ; 0000 004B {
                 ; 0000 004C if ((in & 0x80) == *(adr+i)) { Q =*(adr+i+1); ready=1; }
0000eb d15b      	RCALL SUBOPT_0x2
0000ec f421      	BRNE _0x1A
0000ed d163      	RCALL SUBOPT_0x3
0000ee 8081      	LDD  R8,Z+1
0000ef e001      	LDI  R16,LOW(1)
                 ; 0000 004D else if (*(adr+i) == T) ready=1;
0000f0 c007      	RJMP _0x1B
                 _0x1A:
0000f1 d15f      	RCALL SUBOPT_0x3
0000f2 81a0      	LD   R26,Z
0000f3 31a0      	CPI  R26,LOW(0x10)
0000f4 f411      	BRNE _0x1C
0000f5 e001      	LDI  R16,LOW(1)
                 ; 0000 004E else i += 2;
0000f6 c001      	RJMP _0x1D
                 _0x1C:
0000f7 5f1e      	SUBI R17,-LOW(2)
                 ; 0000 004F }
                 _0x1D:
                 _0x1B:
0000f8 cff0      	RJMP _0x17
                 _0x19:
                 ; 0000 0050 }
0000f9 c015      	RJMP _0x2000001
                 ; .FEND
                 ;void cls2(void) {
                 ; 0000 0052 void cls2(void) {
                 _cls2:
                 ; .FSTART _cls2
                 ; 0000 0053 char i;
                 ; 0000 0054 char *adr;
                 ; 0000 0055 char ready;
                 ; 0000 0056 adr = TABA2[Q];
0000fa d15b      	RCALL __SAVELOCR4
                 ;	i -> R17
                 ;	*adr -> R18,R19
                 ;	ready -> R16
0000fb 2de8      	MOV  R30,R8
0000fc e3aa      	LDI  R26,LOW(_TABA2)
0000fd e0b2      	LDI  R27,HIGH(_TABA2)
0000fe d13e      	RCALL SUBOPT_0x1
                 ; 0000 0057 i=0;
                 ; 0000 0058 ready=0;
                 ; 0000 0059 while (!ready) {
                 _0x1E:
0000ff 3000      	CPI  R16,0
000100 f471      	BRNE _0x20
                 ; 0000 005A if ((in & 0x80) == *(adr+i)) { Q =*(adr+i+1); ready=1; }
000101 d145      	RCALL SUBOPT_0x2
000102 f421      	BRNE _0x21
000103 d14d      	RCALL SUBOPT_0x3
000104 8081      	LDD  R8,Z+1
000105 e001      	LDI  R16,LOW(1)
                 ; 0000 005B else if (*(adr+i) == T) ready=1;
000106 c007      	RJMP _0x22
                 _0x21:
000107 d149      	RCALL SUBOPT_0x3
000108 81a0      	LD   R26,Z
000109 31a0      	CPI  R26,LOW(0x10)
00010a f411      	BRNE _0x23
00010b e001      	LDI  R16,LOW(1)
                 ; 0000 005C else i += 2;
00010c c001      	RJMP _0x24
                 _0x23:
00010d 5f1e      	SUBI R17,-LOW(2)
                 ; 0000 005D }
                 _0x24:
                 _0x22:
00010e cff0      	RJMP _0x1E
                 _0x20:
                 ; 0000 005E }
                 _0x2000001:
00010f d14b      	RCALL __LOADLOCR4
000110 9624      	ADIW R28,4
000111 9508      	RET
                 ; .FEND
                 ;interrupt [19] void timer0_ovf_isr(void)
                 ; 0000 0062 {
                 _timer0_ovf_isr:
                 ; .FSTART _timer0_ovf_isr
000112 920a      	ST   -Y,R0
000113 921a      	ST   -Y,R1
000114 92fa      	ST   -Y,R15
000115 936a      	ST   -Y,R22
000116 937a      	ST   -Y,R23
000117 938a      	ST   -Y,R24
000118 939a      	ST   -Y,R25
000119 93aa      	ST   -Y,R26
00011a 93ba      	ST   -Y,R27
00011b 93ea      	ST   -Y,R30
00011c 93fa      	ST   -Y,R31
00011d b7ef      	IN   R30,SREG
00011e 93ea      	ST   -Y,R30
                 ; 0000 0063 TCNT0 = 0x3C;//reinitializam timperul la 0
00011f e3ec      	LDI  R30,LOW(60)
000120 bde6      	OUT  0x26,R30
                 ; 0000 0064 
                 ; 0000 0065 in = PIND;
000121 b079      	IN   R7,9
                 ; 0000 0066 
                 ; 0000 0067 switch (S) {
000122 2de5      	MOV  R30,R5
000123 e0f0      	LDI  R31,0
                 ; 0000 0068 case 0:
000124 9730      	SBIW R30,0
000125 f441      	BRNE _0x28
                 ; 0000 0069 if ((in & 0x80) == 0) S = 1;//testez SET/
000126 fc77      	SBRC R7,7
000127 c003      	RJMP _0x29
000128 e0e1      	LDI  R30,LOW(1)
000129 2e5e      	MOV  R5,R30
                 ; 0000 006A else
00012a c002      	RJMP _0x2A
                 _0x29:
                 ; 0000 006B {
                 ; 0000 006C out = (out | 0xFF) & 0x7F;  //stingem ledul ce indica daca irigarea este pornita sau oprita
00012b d10c      	RCALL SUBOPT_0x0
                 ; 0000 006D clc();
00012c dfa5      	RCALL _clc
                 ; 0000 006E }
                 _0x2A:
                 ; 0000 006F test_RST();//testam daca s a apasat RST/
00012d c0a1      	RJMP _0x46
                 ; 0000 0070 break;
                 ; 0000 0071 
                 ; 0000 0072 case 1:
                 _0x28:
00012e 30e1      	CPI  R30,LOW(0x1)
00012f e0a0      	LDI  R26,HIGH(0x1)
000130 07fa      	CPC  R31,R26
000131 f429      	BRNE _0x2B
                 ; 0000 0073 if ((in & 0x80) != 0) S = 2; //testam SET
000132 fe77      	SBRS R7,7
000133 c002      	RJMP _0x2C
000134 e0e2      	LDI  R30,LOW(2)
000135 2e5e      	MOV  R5,R30
                 ; 0000 0074 test_RST();
                 _0x2C:
000136 c098      	RJMP _0x46
                 ; 0000 0075 break;
                 ; 0000 0076 
                 ; 0000 0077 case 2:
                 _0x2B:
000137 30e2      	CPI  R30,LOW(0x2)
000138 e0a0      	LDI  R26,HIGH(0x2)
000139 07fa      	CPC  R31,R26
00013a f489      	BRNE _0x2D
                 ; 0000 0078 out = (out & 0x00) | 0x87; // LED6-3 pornite
00013b 2dea      	MOV  R30,R10
00013c 70e0      	ANDI R30,LOW(0x0)
00013d 68e7      	ORI  R30,LOW(0x87)
00013e 2eae      	MOV  R10,R30
                 ; 0000 0079 if ((in & 0x20) == 0) S = 3;  //testam UMD/
00013f fc75      	SBRC R7,5
000140 c002      	RJMP _0x2E
000141 e0e3      	LDI  R30,LOW(3)
000142 2e5e      	MOV  R5,R30
                 ; 0000 007A if ((in & 0x10) == 0) S = 4;  //TESTAM TEMPL/
                 _0x2E:
000143 fc74      	SBRC R7,4
000144 c002      	RJMP _0x2F
000145 e0e4      	LDI  R30,LOW(4)
000146 2e5e      	MOV  R5,R30
                 ; 0000 007B if ((in & 0x40) == 0) S = 7;  //testam /RST
                 _0x2F:
000147 fc76      	SBRC R7,6
000148 c002      	RJMP _0x30
000149 e0e7      	LDI  R30,LOW(7)
00014a 2e5e      	MOV  R5,R30
                 ; 0000 007C test_RST();
                 _0x30:
00014b c083      	RJMP _0x46
                 ; 0000 007D break;
                 ; 0000 007E 
                 ; 0000 007F case 3:
                 _0x2D:
00014c 30e3      	CPI  R30,LOW(0x3)
00014d e0a0      	LDI  R26,HIGH(0x3)
00014e 07fa      	CPC  R31,R26
00014f f429      	BRNE _0x31
                 ; 0000 0080 if ((in & 0x20) != 0) S = 5;
000150 fe75      	SBRS R7,5
000151 c002      	RJMP _0x32
000152 e0e5      	LDI  R30,LOW(5)
000153 2e5e      	MOV  R5,R30
                 ; 0000 0081 test_RST();
                 _0x32:
000154 c07a      	RJMP _0x46
                 ; 0000 0082 break;
                 ; 0000 0083 
                 ; 0000 0084 case 4:
                 _0x31:
000155 30e4      	CPI  R30,LOW(0x4)
000156 e0a0      	LDI  R26,HIGH(0x4)
000157 07fa      	CPC  R31,R26
000158 f429      	BRNE _0x33
                 ; 0000 0085 if ((in & 0x10) != 0) S = 6;
000159 fe74      	SBRS R7,4
00015a c002      	RJMP _0x34
00015b e0e6      	LDI  R30,LOW(6)
00015c 2e5e      	MOV  R5,R30
                 ; 0000 0086 test_RST();
                 _0x34:
00015d c071      	RJMP _0x46
                 ; 0000 0087 break;
                 ; 0000 0088 
                 ; 0000 0089 case 5:
                 _0x33:
00015e 30e5      	CPI  R30,LOW(0x5)
00015f e0a0      	LDI  R26,HIGH(0x5)
000160 07fa      	CPC  R31,R26
000161 f491      	BRNE _0x35
                 ; 0000 008A cls1();
000162 df81      	RCALL _cls1
                 ; 0000 008B umd = Tout1[Q] << 5;//iesire cls bitii 5,6
000163 2de8      	MOV  R30,R8
000164 e0f0      	LDI  R31,0
000165 5cec      	SUBI R30,LOW(-_Tout1)
000166 4ffd      	SBCI R31,HIGH(-_Tout1)
000167 81e0      	LD   R30,Z
000168 95e2      	SWAP R30
000169 7fe0      	ANDI R30,0xF0
00016a 0fee      	LSL  R30
00016b 2e3e      	MOV  R3,R30
                 ; 0000 008C out = out & 0x9F;//stergem bitii 5, 6 - masca 10011111
00016c e9ef      	LDI  R30,LOW(159)
00016d 22ae      	AND  R10,R30
                 ; 0000 008D out = out | umd;//actualizez out
00016e 28a3      	OR   R10,R3
                 ; 0000 008E if ((in & 0x40) == 0) S = 7; //testam /RST
00016f fc76      	SBRC R7,6
000170 c002      	RJMP _0x36
000171 e0e7      	LDI  R30,LOW(7)
000172 2e5e      	MOV  R5,R30
                 ; 0000 008F test_RST();
                 _0x36:
000173 c05b      	RJMP _0x46
                 ; 0000 0090 break;
                 ; 0000 0091 
                 ; 0000 0092 case 6:
                 _0x35:
000174 30e6      	CPI  R30,LOW(0x6)
000175 e0a0      	LDI  R26,HIGH(0x6)
000176 07fa      	CPC  R31,R26
000177 f491      	BRNE _0x37
                 ; 0000 0093 cls2();
000178 df81      	RCALL _cls2
                 ; 0000 0094 templ = Tout2[Q] << 3;//iesire cls bitii 4,3
000179 2de8      	MOV  R30,R8
00017a e0f0      	LDI  R31,0
00017b 59e6      	SUBI R30,LOW(-_Tout2)
00017c 4ffd      	SBCI R31,HIGH(-_Tout2)
00017d 81e0      	LD   R30,Z
00017e 0fee      	LSL  R30
00017f 0fee      	LSL  R30
000180 0fee      	LSL  R30
000181 2e6e      	MOV  R6,R30
                 ; 0000 0095 out = out & 0xE7;//stergem bitii 4, 3 - masca 11100111
000182 eee7      	LDI  R30,LOW(231)
000183 22ae      	AND  R10,R30
                 ; 0000 0096 out = out | templ;//actualizez out
000184 28a6      	OR   R10,R6
                 ; 0000 0097 if ((in & 0x40) == 0) S = 7; //testam /RST
000185 fc76      	SBRC R7,6
000186 c002      	RJMP _0x38
000187 e0e7      	LDI  R30,LOW(7)
000188 2e5e      	MOV  R5,R30
                 ; 0000 0098 test_RST();
                 _0x38:
000189 c045      	RJMP _0x46
                 ; 0000 0099 break;
                 ; 0000 009A 
                 ; 0000 009B case 7:
                 _0x37:
00018a 30e7      	CPI  R30,LOW(0x7)
00018b e0a0      	LDI  R26,HIGH(0x7)
00018c 07fa      	CPC  R31,R26
00018d f419      	BRNE _0x39
                 ; 0000 009C if ((in & 0x40) != 0) S = 0;//testez RST
00018e fc76      	SBRC R7,6
00018f 2455      	CLR  R5
                 ; 0000 009D test_RST();
000190 c03e      	RJMP _0x46
                 ; 0000 009E break;
                 ; 0000 009F 
                 ; 0000 00A0 case 8:
                 _0x39:
000191 30e8      	CPI  R30,LOW(0x8)
000192 e0a0      	LDI  R26,HIGH(0x8)
000193 07fa      	CPC  R31,R26
000194 f4c9      	BRNE _0x3B
                 ; 0000 00A1 if ((in & 0x80) == 0) S = 1; //testam SET/
000195 fc77      	SBRC R7,7
000196 c002      	RJMP _0x3C
000197 e0e1      	LDI  R30,LOW(1)
000198 2e5e      	MOV  R5,R30
                 ; 0000 00A2 timp = (timp+1) % 10; //ca sa contorizam 5 minute trebuie sa punem      dar pentru testare am pus 10 ca sa mearga mai rapid
                 _0x3C:
                +
000199 2dab     +MOV R26 , R11
00019a 2dbc     +MOV R27 , R12
                 	__GETW2R 11,12
00019b 9611      	ADIW R26,1
00019c e0ea      	LDI  R30,LOW(10)
00019d e0f0      	LDI  R31,HIGH(10)
00019e d0d8      	RCALL __MODW21
                +
00019f 2ebe     +MOV R11 , R30
0001a0 2ecf     +MOV R12 , R31
                 	__PUTW1R 11,12
                 ; 0000 00A3 if ((in & 0xF) != 0)   //testez senzorii
0001a1 2de7      	MOV  R30,R7
0001a2 70ef      	ANDI R30,LOW(0xF)
0001a3 f419      	BRNE _0x47
                 ; 0000 00A4 {
                 ; 0000 00A5 out = (out | 0xFF) & 0x7F;
                 ; 0000 00A6 S = 9;
                 ; 0000 00A7 }
                 ; 0000 00A8 else if(timp == 0)
0001a4 2c0b      	MOV  R0,R11
0001a5 280c      	OR   R0,R12
0001a6 f431      	BRNE _0x3F
                 ; 0000 00A9 {
                 ; 0000 00AA out = (out | 0xFF) & 0x7F;
                 _0x47:
0001a7 2dea      	MOV  R30,R10
0001a8 6fef      	ORI  R30,LOW(0xFF)
0001a9 77ef      	ANDI R30,0x7F
0001aa 2eae      	MOV  R10,R30
                 ; 0000 00AB S = 9;
0001ab e0e9      	LDI  R30,LOW(9)
0001ac 2e5e      	MOV  R5,R30
                 ; 0000 00AC }
                 ; 0000 00AD test_RST();
                 _0x3F:
0001ad c021      	RJMP _0x46
                 ; 0000 00AE break;
                 ; 0000 00AF 
                 ; 0000 00B0 case 9:
                 _0x3B:
0001ae 30e9      	CPI  R30,LOW(0x9)
0001af e0a0      	LDI  R26,HIGH(0x9)
0001b0 07fa      	CPC  R31,R26
0001b1 f439      	BRNE _0x40
                 ; 0000 00B1 out = (out | 0xFF) & 0xFF;
0001b2 2dea      	MOV  R30,R10
0001b3 6fef      	ORI  R30,LOW(0xFF)
0001b4 2eae      	MOV  R10,R30
                 ; 0000 00B2 S = 0;
0001b5 2455      	CLR  R5
                 ; 0000 00B3 timp = 0;
0001b6 24bb      	CLR  R11
0001b7 24cc      	CLR  R12
                 ; 0000 00B4 test_RST();
0001b8 c016      	RJMP _0x46
                 ; 0000 00B5 break;
                 ; 0000 00B6 
                 ; 0000 00B7 case 10:
                 _0x40:
0001b9 30ea      	CPI  R30,LOW(0xA)
0001ba e0a0      	LDI  R26,HIGH(0xA)
0001bb 07fa      	CPC  R31,R26
0001bc f431      	BRNE _0x41
                 ; 0000 00B8 out = out & 0xFF; // inchid toate becurile
0001bd efef      	LDI  R30,LOW(255)
0001be 22ae      	AND  R10,R30
                 ; 0000 00B9 out = (out | err) << 0; // actualizeaza out
0001bf 28a4      	OR   R10,R4
                 ; 0000 00BA out = out | 0xF8; //inchid toate LED-urile in afara de cele de eroare LED 2-0
0001c0 efe8      	LDI  R30,LOW(248)
0001c1 2aae      	OR   R10,R30
                 ; 0000 00BB test_RST();// testeaza RST/
0001c2 c00c      	RJMP _0x46
                 ; 0000 00BC break;
                 ; 0000 00BD 
                 ; 0000 00BE case 11:
                 _0x41:
0001c3 30eb      	CPI  R30,LOW(0xB)
0001c4 e0a0      	LDI  R26,HIGH(0xB)
0001c5 07fa      	CPC  R31,R26
0001c6 f449      	BRNE _0x27
                 ; 0000 00BF if ( (in & 0x40) != 0 ) // testeaza RST
0001c7 fe76      	SBRS R7,6
0001c8 c006      	RJMP _0x43
                 ; 0000 00C0 {
                 ; 0000 00C1 out = out | 0xFF; // stinge LED7-0
0001c9 efef      	LDI  R30,LOW(255)
0001ca 2aae      	OR   R10,R30
                 ; 0000 00C2 err=0x07;
0001cb e0e7      	LDI  R30,LOW(7)
0001cc 2e4e      	MOV  R4,R30
                 ; 0000 00C3 out = out | err; // sterge erori
0001cd 28a4      	OR   R10,R4
                 ; 0000 00C4 S=0;
0001ce 2455      	CLR  R5
                 ; 0000 00C5 }
                 ; 0000 00C6 test_RST();// testeaza RST/
                 _0x43:
                 _0x46:
0001cf defb      	RCALL _test_RST
                 ; 0000 00C7 break;
                 ; 0000 00C8 }
                 _0x27:
                 ; 0000 00C9 
                 ; 0000 00CA PORTB = out; //iesirea
0001d0 b8a5      	OUT  0x5,R10
                 ; 0000 00CB 
                 ; 0000 00CC }
0001d1 91e9      	LD   R30,Y+
0001d2 bfef      	OUT  SREG,R30
0001d3 91f9      	LD   R31,Y+
0001d4 91e9      	LD   R30,Y+
0001d5 91b9      	LD   R27,Y+
0001d6 91a9      	LD   R26,Y+
0001d7 9199      	LD   R25,Y+
0001d8 9189      	LD   R24,Y+
0001d9 9179      	LD   R23,Y+
0001da 9169      	LD   R22,Y+
0001db 90f9      	LD   R15,Y+
0001dc 9019      	LD   R1,Y+
0001dd 9009      	LD   R0,Y+
0001de 9518      	RETI
                 ; .FEND
                 ;void main(void) {
                 ; 0000 00D1 void main(void) {
                 _main:
                 ; .FSTART _main
                 ; 0000 00D2 TABA1[0] = A0; TABA1[1] = A1; TABA1[2] = A2;TABA1[3] = A3; TABA1[4] = A4; TABA1[5] = A5;
0001df e1ec      	LDI  R30,LOW(_A0)
0001e0 e0f2      	LDI  R31,HIGH(_A0)
0001e1 93e0 0210 	STS  _TABA1,R30
0001e3 93f0 0211 	STS  _TABA1+1,R31
                +
0001e5 e1a2     +LDI R26 , LOW ( _TABA1 + ( 2 ) )
0001e6 e0b2     +LDI R27 , HIGH ( _TABA1 + ( 2 ) )
                 	__POINTW2MN _TABA1,2
0001e7 e2e0      	LDI  R30,LOW(_A1)
0001e8 e0f2      	LDI  R31,HIGH(_A1)
0001e9 93ed      	ST   X+,R30
0001ea 93fc      	ST   X,R31
                +
0001eb e1a4     +LDI R26 , LOW ( _TABA1 + ( 4 ) )
0001ec e0b2     +LDI R27 , HIGH ( _TABA1 + ( 4 ) )
                 	__POINTW2MN _TABA1,4
0001ed e2e4      	LDI  R30,LOW(_A2)
0001ee e0f2      	LDI  R31,HIGH(_A2)
0001ef 93ed      	ST   X+,R30
0001f0 93fc      	ST   X,R31
                +
0001f1 e1a6     +LDI R26 , LOW ( _TABA1 + ( 6 ) )
0001f2 e0b2     +LDI R27 , HIGH ( _TABA1 + ( 6 ) )
                 	__POINTW2MN _TABA1,6
0001f3 e2e8      	LDI  R30,LOW(_A3)
0001f4 e0f2      	LDI  R31,HIGH(_A3)
0001f5 93ed      	ST   X+,R30
0001f6 93fc      	ST   X,R31
                +
0001f7 e1a8     +LDI R26 , LOW ( _TABA1 + ( 8 ) )
0001f8 e0b2     +LDI R27 , HIGH ( _TABA1 + ( 8 ) )
                 	__POINTW2MN _TABA1,8
0001f9 e2ec      	LDI  R30,LOW(_A4)
0001fa e0f2      	LDI  R31,HIGH(_A4)
0001fb 93ed      	ST   X+,R30
0001fc 93fc      	ST   X,R31
                +
0001fd e1aa     +LDI R26 , LOW ( _TABA1 + ( 10 ) )
0001fe e0b2     +LDI R27 , HIGH ( _TABA1 + ( 10 ) )
                 	__POINTW2MN _TABA1,10
0001ff e3e0      	LDI  R30,LOW(_A5)
000200 e0f2      	LDI  R31,HIGH(_A5)
000201 93ed      	ST   X+,R30
000202 93fc      	ST   X,R31
                 ; 0000 00D3 TABA2[0] = B0; TABA2[1] = B1; TABA2[2] = B2; TABA2[3] = B3;TABA2[4] = B4; TABA2[5] = B5; TABA2[6] = B6; TABA2[7] = B7;
000203 e4ea      	LDI  R30,LOW(_B0)
000204 e0f2      	LDI  R31,HIGH(_B0)
000205 93e0 023a 	STS  _TABA2,R30
000207 93f0 023b 	STS  _TABA2+1,R31
                +
000209 e3ac     +LDI R26 , LOW ( _TABA2 + ( 2 ) )
00020a e0b2     +LDI R27 , HIGH ( _TABA2 + ( 2 ) )
                 	__POINTW2MN _TABA2,2
00020b e4ee      	LDI  R30,LOW(_B1)
00020c e0f2      	LDI  R31,HIGH(_B1)
00020d 93ed      	ST   X+,R30
00020e 93fc      	ST   X,R31
                +
00020f e3ae     +LDI R26 , LOW ( _TABA2 + ( 4 ) )
000210 e0b2     +LDI R27 , HIGH ( _TABA2 + ( 4 ) )
                 	__POINTW2MN _TABA2,4
000211 e5e2      	LDI  R30,LOW(_B2)
000212 e0f2      	LDI  R31,HIGH(_B2)
000213 93ed      	ST   X+,R30
000214 93fc      	ST   X,R31
                +
000215 e4a0     +LDI R26 , LOW ( _TABA2 + ( 6 ) )
000216 e0b2     +LDI R27 , HIGH ( _TABA2 + ( 6 ) )
                 	__POINTW2MN _TABA2,6
000217 e5e6      	LDI  R30,LOW(_B3)
000218 e0f2      	LDI  R31,HIGH(_B3)
000219 93ed      	ST   X+,R30
00021a 93fc      	ST   X,R31
                +
00021b e4a2     +LDI R26 , LOW ( _TABA2 + ( 8 ) )
00021c e0b2     +LDI R27 , HIGH ( _TABA2 + ( 8 ) )
                 	__POINTW2MN _TABA2,8
00021d e5ea      	LDI  R30,LOW(_B4)
00021e e0f2      	LDI  R31,HIGH(_B4)
00021f 93ed      	ST   X+,R30
000220 93fc      	ST   X,R31
                +
000221 e4a4     +LDI R26 , LOW ( _TABA2 + ( 10 ) )
000222 e0b2     +LDI R27 , HIGH ( _TABA2 + ( 10 ) )
                 	__POINTW2MN _TABA2,10
000223 e5ee      	LDI  R30,LOW(_B5)
000224 e0f2      	LDI  R31,HIGH(_B5)
000225 93ed      	ST   X+,R30
000226 93fc      	ST   X,R31
                +
000227 e4a6     +LDI R26 , LOW ( _TABA2 + ( 12 ) )
000228 e0b2     +LDI R27 , HIGH ( _TABA2 + ( 12 ) )
                 	__POINTW2MN _TABA2,12
000229 e6e2      	LDI  R30,LOW(_B6)
00022a e0f2      	LDI  R31,HIGH(_B6)
00022b 93ed      	ST   X+,R30
00022c 93fc      	ST   X,R31
                +
00022d e4a8     +LDI R26 , LOW ( _TABA2 + ( 14 ) )
00022e e0b2     +LDI R27 , HIGH ( _TABA2 + ( 14 ) )
                 	__POINTW2MN _TABA2,14
00022f e6e6      	LDI  R30,LOW(_B7)
000230 e0f2      	LDI  R31,HIGH(_B7)
000231 93ed      	ST   X+,R30
000232 93fc      	ST   X,R31
                 ; 0000 00D4 out = 0xFF;
000233 efef      	LDI  R30,LOW(255)
000234 2eae      	MOV  R10,R30
                 ; 0000 00D5 S = 0;
000235 2455      	CLR  R5
                 ; 0000 00D6 Q = 0;
000236 2488      	CLR  R8
                 ; 0000 00D7 //while (1) { }- ca sa nu mai avem brakepoint in debugger
                 ; 0000 00D8 }
                 _0x44:
000237 cfff      	RJMP _0x44
                 ; .FEND
                 
                 	.DSEG
                 _TAB:
000200           	.BYTE 0x10
                 _TABA1:
000210           	.BYTE 0xC
                 _A0:
00021c           	.BYTE 0x4
                 _A1:
000220           	.BYTE 0x4
                 _A2:
000224           	.BYTE 0x4
                 _A3:
000228           	.BYTE 0x4
                 _A4:
00022c           	.BYTE 0x4
                 _A5:
000230           	.BYTE 0x4
                 _Tout1:
000234           	.BYTE 0x6
                 _TABA2:
00023a           	.BYTE 0x10
                 _B0:
00024a           	.BYTE 0x4
                 _B1:
00024e           	.BYTE 0x4
                 _B2:
000252           	.BYTE 0x4
                 _B3:
000256           	.BYTE 0x4
                 _B4:
00025a           	.BYTE 0x4
                 _B5:
00025e           	.BYTE 0x4
                 _B6:
000262           	.BYTE 0x4
                 _B7:
000266           	.BYTE 0x4
                 _Tout2:
00026a           	.BYTE 0x8
                 
                 	.CSEG
                 ;OPTIMIZER ADDED SUBROUTINE, CALLED 2 TIMES, CODE SIZE REDUCTION:1 WORDS
                 SUBOPT_0x0:
000238 2dea      	MOV  R30,R10
000239 6fef      	ORI  R30,LOW(0xFF)
00023a 77ef      	ANDI R30,0x7F
00023b 2eae      	MOV  R10,R30
00023c 9508      	RET
                 
                 ;OPTIMIZER ADDED SUBROUTINE, CALLED 2 TIMES, CODE SIZE REDUCTION:6 WORDS
                 SUBOPT_0x1:
00023d e0f0      	LDI  R31,0
00023e 0fee      	LSL  R30
00023f 1fff      	ROL  R31
000240 0fae      	ADD  R26,R30
000241 1fbf      	ADC  R27,R31
000242 912d      	LD   R18,X+
000243 913c      	LD   R19,X
000244 e010      	LDI  R17,LOW(0)
000245 e000      	LDI  R16,LOW(0)
000246 9508      	RET
                 
                 ;OPTIMIZER ADDED SUBROUTINE, CALLED 2 TIMES, CODE SIZE REDUCTION:6 WORDS
                 SUBOPT_0x2:
000247 2de7      	MOV  R30,R7
000248 78e0      	ANDI R30,LOW(0x80)
000249 2fae      	MOV  R26,R30
00024a 2fe1      	MOV  R30,R17
00024b e0f0      	LDI  R31,0
00024c 0fe2      	ADD  R30,R18
00024d 1ff3      	ADC  R31,R19
00024e 81e0      	LD   R30,Z
00024f 17ea      	CP   R30,R26
000250 9508      	RET
                 
                 ;OPTIMIZER ADDED SUBROUTINE, CALLED 4 TIMES, CODE SIZE REDUCTION:7 WORDS
                 SUBOPT_0x3:
000251 2fe1      	MOV  R30,R17
000252 e0f0      	LDI  R31,0
000253 0fe2      	ADD  R30,R18
000254 1ff3      	ADC  R31,R19
000255 9508      	RET
                 
                 ;RUNTIME LIBRARY
                 
                 	.CSEG
                 __SAVELOCR4:
000256 933a      	ST   -Y,R19
                 __SAVELOCR3:
000257 932a      	ST   -Y,R18
                 __SAVELOCR2:
000258 931a      	ST   -Y,R17
000259 930a      	ST   -Y,R16
00025a 9508      	RET
                 
                 __LOADLOCR4:
00025b 813b      	LDD  R19,Y+3
                 __LOADLOCR3:
00025c 812a      	LDD  R18,Y+2
                 __LOADLOCR2:
00025d 8119      	LDD  R17,Y+1
00025e 8108      	LD   R16,Y
00025f 9508      	RET
                 
                 __ANEGW1:
000260 95f1      	NEG  R31
000261 95e1      	NEG  R30
000262 40f0      	SBCI R31,0
000263 9508      	RET
                 
                 __DIVW21U:
000264 2400      	CLR  R0
000265 2411      	CLR  R1
000266 e190      	LDI  R25,16
                 __DIVW21U1:
000267 0faa      	LSL  R26
000268 1fbb      	ROL  R27
000269 1c00      	ROL  R0
00026a 1c11      	ROL  R1
00026b 1a0e      	SUB  R0,R30
00026c 0a1f      	SBC  R1,R31
00026d f418      	BRCC __DIVW21U2
00026e 0e0e      	ADD  R0,R30
00026f 1e1f      	ADC  R1,R31
000270 c001      	RJMP __DIVW21U3
                 __DIVW21U2:
000271 60a1      	SBR  R26,1
                 __DIVW21U3:
000272 959a      	DEC  R25
000273 f799      	BRNE __DIVW21U1
000274 01fd      	MOVW R30,R26
000275 01d0      	MOVW R26,R0
000276 9508      	RET
                 
                 __MODW21:
000277 94e8      	CLT
000278 ffb7      	SBRS R27,7
000279 c004      	RJMP __MODW211
00027a 95b1      	NEG  R27
00027b 95a1      	NEG  R26
00027c 40b0      	SBCI R27,0
00027d 9468      	SET
                 __MODW211:
00027e fdf7      	SBRC R31,7
00027f dfe0      	RCALL __ANEGW1
000280 dfe3      	RCALL __DIVW21U
000281 01fd      	MOVW R30,R26
000282 f40e      	BRTC __MODW212
000283 dfdc      	RCALL __ANEGW1
                 __MODW212:
000284 9508      	RET
                 
                 ;END OF CODE MARKER
                 __END_OF_CODE:


RESOURCE USE INFORMATION
------------------------

Notice:
The register and instruction counts are symbol table hit counts,
and hence implicitly used resources are not counted, eg, the
'lpm' instruction without operands implicitly uses r0 and z,
none of which are counted.

x,y,z are separate entities in the symbol table and are
counted separately from r26..r31 here.

.dseg memory usage only counts static data declared with .byte

ATmega164 register use summary:
r0 :  13 r1 :   7 r2 :   0 r3 :   2 r4 :   5 r5 :  18 r6 :   2 r7 :  17 
r8 :   7 r9 :   0 r10:  20 r11:   4 r12:   4 r13:   0 r14:   0 r15:   2 
r16:   9 r17:  10 r18:   5 r19:   5 r20:   0 r21:   0 r22:   4 r23:   2 
r24:   9 r25:   6 r26:  56 r27:  25 r28:   2 r29:   1 r30: 164 r31:  65 
x  :  29 y  :  34 z  :  15 
Registers used: 29 out of 35 (82.9%)

ATmega164 instruction use summary:
.lds  :   0 .lds.l:   0 .sts  :   0 .sts.l:   0 adc   :   4 add   :   4 
adiw  :   2 and   :   4 andi  :   7 asr   :   0 bclr  :   0 bld   :   0 
brbc  :   0 brbs  :   0 brcc  :   1 brcs  :   0 break :   0 breq  :   2 
brge  :   0 brhc  :   0 brhs  :   0 brid  :   0 brie  :   0 brlo  :   0 
brlt  :   0 brmi  :   0 brne  :  24 brpl  :   0 brsh  :   0 brtc  :   1 
brts  :   0 brvc  :   0 brvs  :   0 bset  :   0 bst   :   0 call  :   0 
cbi   :   0 cbr   :   0 clc   :   0 clh   :   0 cli   :   1 cln   :   0 
clr   :  11 cls   :   0 clt   :   1 clv   :   0 clz   :   0 com   :   0 
cp    :   2 cpc   :  11 cpi   :  15 cpse  :   0 dec   :   2 des   :   0 
eor   :   0 fmul  :   0 fmuls :   0 fmulsu:   0 icall :   0 ijmp  :   0 
in    :   2 inc   :   0 jmp   :  32 ld    :  22 ldd   :   5 ldi   : 121 
lds   :   0 lpm   :   7 lsl   :   6 lsr   :   0 mov   :  42 movw  :   6 
mul   :   0 muls  :   0 mulsu :   0 neg   :   4 nop   :   0 or    :   7 
ori   :   4 out   :   9 pop   :   0 push  :   0 rcall :  21 ret   :  12 
reti  :   1 rjmp  :  36 rol   :   4 ror   :   0 sbc   :   1 sbci  :   5 
sbi   :   0 sbic  :   0 sbis  :   0 sbiw  :   4 sbr   :   1 sbrc  :  10 
sbrs  :   5 sec   :   0 seh   :   0 sei   :   0 sen   :   0 ser   :   0 
ses   :   0 set   :   1 sev   :   0 sez   :   0 sleep :   0 spm   :   0 
st    :  44 std   :   0 sts   :   4 sub   :   1 subi  :   5 swap  :   1 
tst   :   0 wdr   :   0 
Instructions used: 46 out of 116 (39.7%)

ATmega164 memory use summary [bytes]:
Segment   Begin    End      Code   Data   Used    Size   Use%
---------------------------------------------------------------
[.cseg] 0x000000 0x00050a   1102    188   1290   16384   7.9%
[.dseg] 0x000100 0x000272      0    114    114    1024  11.1%
[.eseg] 0x000000 0x000000      0      0      0     512   0.0%

Assembly complete, 0 errors, 12 warnings
